Equate elements:  no current cell.
Equate elements:  no current cell.
Equate elements:  no current cell.
Equate elements:  no current cell.
Class opamp_square:  Merged 33 devices.
Class opamp_square:  Merged 33 devices.

Subcircuit summary:
Circuit 1: opamp_square                    |Circuit 2: opamp_square                    
-------------------------------------------|-------------------------------------------
sky130_fd_pr__pfet_01v8 (35)               |sky130_fd_pr__pfet_01v8 (35)               
sky130_fd_pr__nfet_01v8 (36)               |sky130_fd_pr__nfet_01v8 (36)               
sky130_fd_pr__cap_mim_m3_1 (1)             |sky130_fd_pr__cap_mim_m3_1 (1)             
Number of devices: 72                      |Number of devices: 72                      
Number of nets: 30                         |Number of nets: 30                         
---------------------------------------------------------------------------------------
Resolving automorphisms by property value.
Resolving automorphisms by pin name.
Netlists match uniquely.
Circuits match correctly.

Subcircuit pins:
Circuit 1: opamp_square                    |Circuit 2: opamp_square                    
-------------------------------------------|-------------------------------------------
VDD                                        |vdd                                        
GND                                        |gnd                                        
VOUT                                       |vout                                       
V1                                         |v1                                         
V2                                         |v2                                         
---------------------------------------------------------------------------------------
Cell pin lists are equivalent.
Device classes opamp_square and opamp_square are equivalent.
Class opamp:  Merged 33 devices.
Class opamp:  Merged 33 devices.

Subcircuit summary:
Circuit 1: opamp                           |Circuit 2: opamp                           
-------------------------------------------|-------------------------------------------
sky130_fd_pr__pfet_01v8 (35)               |sky130_fd_pr__pfet_01v8 (35)               
sky130_fd_pr__nfet_01v8 (36)               |sky130_fd_pr__nfet_01v8 (36)               
sky130_fd_pr__cap_mim_m3_1 (1)             |sky130_fd_pr__cap_mim_m3_1 (1)             
Number of devices: 72                      |Number of devices: 72                      
Number of nets: 30                         |Number of nets: 30                         
---------------------------------------------------------------------------------------
Resolving automorphisms by property value.
Resolving automorphisms by pin name.
Netlists match uniquely.
Circuits match correctly.

Subcircuit pins:
Circuit 1: opamp                           |Circuit 2: opamp                           
-------------------------------------------|-------------------------------------------
VDD                                        |vdd                                        
GND                                        |gnd                                        
VOUT                                       |vout                                       
V1                                         |v1                                         
V2                                         |v2                                         
---------------------------------------------------------------------------------------
Cell pin lists are equivalent.
Device classes opamp and opamp are equivalent.
Equate elements:  no current cell.
Class schematics/bandgap_LDS.spice:  Merged 2 devices.
Class layout/bandgap.spice:  Merged 2 devices.

Subcircuit summary:
Circuit 1: schematics/bandgap_LDS.spice    |Circuit 2: layout/bandgap.spice            
-------------------------------------------|-------------------------------------------
sky130_fd_pr__pnp_05v0 (51)                |sky130_fd_pr__pnp_05v0 (51)                
sky130_fd_pr__pfet_01v8 (2)                |sky130_fd_pr__pfet_01v8 (2)                
opamp_square (3)                           |opamp_square (3)                           
opamp (2)                                  |opamp (2)                                  
sky130_fd_pr__res_high_po (7)              |sky130_fd_pr__res_high_po (7)              
Number of devices: 65                      |Number of devices: 65                      
Number of nets: 14                         |Number of nets: 14                         
---------------------------------------------------------------------------------------
Resolving automorphisms by property value.
Resolving automorphisms by pin name.
Netlists match with 1 symmetry.
Circuits match correctly.
There were property errors.
Circuit 2 layout/bandgap.spice instance sky130_fd_pr__pnp_05v060 property "area" has no match in circuit 1.
Circuit 2 layout/bandgap.spice instance sky130_fd_pr__pnp_05v00 property "area" has no match in circuit 1.
Circuit 2 layout/bandgap.spice instance sky130_fd_pr__pnp_05v01 property "area" has no match in circuit 1.
Circuit 2 layout/bandgap.spice instance sky130_fd_pr__pnp_05v02 property "area" has no match in circuit 1.
Circuit 2 layout/bandgap.spice instance sky130_fd_pr__pnp_05v04 property "area" has no match in circuit 1.
Circuit 2 layout/bandgap.spice instance sky130_fd_pr__pnp_05v06 property "area" has no match in circuit 1.
Circuit 2 layout/bandgap.spice instance sky130_fd_pr__pnp_05v08 property "area" has no match in circuit 1.
Circuit 2 layout/bandgap.spice instance sky130_fd_pr__pnp_05v09 property "area" has no match in circuit 1.
Circuit 2 layout/bandgap.spice instance sky130_fd_pr__pnp_05v010 property "area" has no match in circuit 1.
Circuit 2 layout/bandgap.spice instance sky130_fd_pr__pnp_05v013 property "area" has no match in circuit 1.
Circuit 2 layout/bandgap.spice instance sky130_fd_pr__pnp_05v014 property "area" has no match in circuit 1.
Circuit 2 layout/bandgap.spice instance sky130_fd_pr__pnp_05v016 property "area" has no match in circuit 1.
Circuit 2 layout/bandgap.spice instance sky130_fd_pr__pnp_05v017 property "area" has no match in circuit 1.
Circuit 2 layout/bandgap.spice instance sky130_fd_pr__pnp_05v018 property "area" has no match in circuit 1.
Circuit 2 layout/bandgap.spice instance sky130_fd_pr__pnp_05v019 property "area" has no match in circuit 1.
Circuit 2 layout/bandgap.spice instance sky130_fd_pr__pnp_05v021 property "area" has no match in circuit 1.
Circuit 2 layout/bandgap.spice instance sky130_fd_pr__pnp_05v022 property "area" has no match in circuit 1.
Circuit 2 layout/bandgap.spice instance sky130_fd_pr__pnp_05v023 property "area" has no match in circuit 1.
Circuit 2 layout/bandgap.spice instance sky130_fd_pr__pnp_05v025 property "area" has no match in circuit 1.
Circuit 2 layout/bandgap.spice instance sky130_fd_pr__pnp_05v026 property "area" has no match in circuit 1.
Circuit 2 layout/bandgap.spice instance sky130_fd_pr__pnp_05v027 property "area" has no match in circuit 1.
Circuit 2 layout/bandgap.spice instance sky130_fd_pr__pnp_05v028 property "area" has no match in circuit 1.
Circuit 2 layout/bandgap.spice instance sky130_fd_pr__pnp_05v029 property "area" has no match in circuit 1.
Circuit 2 layout/bandgap.spice instance sky130_fd_pr__pnp_05v030 property "area" has no match in circuit 1.
Circuit 2 layout/bandgap.spice instance sky130_fd_pr__pnp_05v031 property "area" has no match in circuit 1.
Circuit 2 layout/bandgap.spice instance sky130_fd_pr__pnp_05v032 property "area" has no match in circuit 1.
Circuit 2 layout/bandgap.spice instance sky130_fd_pr__pnp_05v033 property "area" has no match in circuit 1.
Circuit 2 layout/bandgap.spice instance sky130_fd_pr__pnp_05v035 property "area" has no match in circuit 1.
Circuit 2 layout/bandgap.spice instance sky130_fd_pr__pnp_05v036 property "area" has no match in circuit 1.
Circuit 2 layout/bandgap.spice instance sky130_fd_pr__pnp_05v037 property "area" has no match in circuit 1.
Circuit 2 layout/bandgap.spice instance sky130_fd_pr__pnp_05v038 property "area" has no match in circuit 1.
Circuit 2 layout/bandgap.spice instance sky130_fd_pr__pnp_05v039 property "area" has no match in circuit 1.
Circuit 2 layout/bandgap.spice instance sky130_fd_pr__pnp_05v041 property "area" has no match in circuit 1.
Circuit 2 layout/bandgap.spice instance sky130_fd_pr__pnp_05v042 property "area" has no match in circuit 1.
Circuit 2 layout/bandgap.spice instance sky130_fd_pr__pnp_05v043 property "area" has no match in circuit 1.
Circuit 2 layout/bandgap.spice instance sky130_fd_pr__pnp_05v044 property "area" has no match in circuit 1.
Circuit 2 layout/bandgap.spice instance sky130_fd_pr__pnp_05v045 property "area" has no match in circuit 1.
Circuit 2 layout/bandgap.spice instance sky130_fd_pr__pnp_05v046 property "area" has no match in circuit 1.
Circuit 2 layout/bandgap.spice instance sky130_fd_pr__pnp_05v047 property "area" has no match in circuit 1.
Circuit 2 layout/bandgap.spice instance sky130_fd_pr__pnp_05v048 property "area" has no match in circuit 1.
Circuit 2 layout/bandgap.spice instance sky130_fd_pr__pnp_05v050 property "area" has no match in circuit 1.
Circuit 2 layout/bandgap.spice instance sky130_fd_pr__pnp_05v053 property "area" has no match in circuit 1.
Circuit 2 layout/bandgap.spice instance sky130_fd_pr__pnp_05v054 property "area" has no match in circuit 1.
Circuit 2 layout/bandgap.spice instance sky130_fd_pr__pnp_05v055 property "area" has no match in circuit 1.
Circuit 2 layout/bandgap.spice instance sky130_fd_pr__pnp_05v057 property "area" has no match in circuit 1.
Circuit 2 layout/bandgap.spice instance sky130_fd_pr__pnp_05v058 property "area" has no match in circuit 1.
Circuit 2 layout/bandgap.spice instance sky130_fd_pr__pnp_05v059 property "area" has no match in circuit 1.
Circuit 2 layout/bandgap.spice instance sky130_fd_pr__pnp_05v061 property "area" has no match in circuit 1.
Circuit 2 layout/bandgap.spice instance sky130_fd_pr__pnp_05v062 property "area" has no match in circuit 1.
Circuit 2 layout/bandgap.spice instance sky130_fd_pr__pnp_05v063 property "area" has no match in circuit 1.
Circuit 2 layout/bandgap.spice instance sky130_fd_pr__pnp_05v064 property "area" has no match in circuit 1.
Cells have no pins;  pin matching not needed.
Device classes schematics/bandgap_LDS.spice and layout/bandgap.spice are equivalent.
Circuits match uniquely.
Property errors were found.
The following cells had property errors: schematics/bandgap_LDS.spice
