Flattening unmatched subcell k_res in circuit error_amp_magic.spice (1)(1 instance)
Equate elements:  no current cell.
Equate elements:  no current cell.
Equate elements:  no current cell.
Equate elements:  no current cell.
Class opamp:  Merged 33 devices.
Class opamp:  Merged 33 devices.

Subcircuit summary:
Circuit 1: opamp                           |Circuit 2: opamp                           
-------------------------------------------|-------------------------------------------
sky130_fd_pr__pfet_01v8 (35)               |sky130_fd_pr__pfet_01v8 (35)               
sky130_fd_pr__nfet_01v8 (36)               |sky130_fd_pr__nfet_01v8 (36)               
sky130_fd_pr__cap_mim_m3_1 (1)             |sky130_fd_pr__cap_mim_m3_1 (1)             
Number of devices: 72                      |Number of devices: 72                      
Number of nets: 30                         |Number of nets: 30                         
---------------------------------------------------------------------------------------
Resolving automorphisms by property value.
Resolving automorphisms by pin name.
Netlists match uniquely.
Circuits match correctly.

Subcircuit pins:
Circuit 1: opamp                           |Circuit 2: opamp                           
-------------------------------------------|-------------------------------------------
VDD                                        |vdd                                        
GND                                        |gnd                                        
VOUT                                       |vout                                       
V1                                         |v1                                         
V2                                         |v2                                         
---------------------------------------------------------------------------------------
Cell pin lists are equivalent.
Device classes opamp and opamp are equivalent.

Subcircuit summary:
Circuit 1: error_amp.spice                 |Circuit 2: error_amp_magic.spice           
-------------------------------------------|-------------------------------------------
sky130_fd_pr__res_xhigh_po (1)             |sky130_fd_pr__res_xhigh_po (1)             
opamp (1)                                  |opamp (1)                                  
Number of devices: 2                       |Number of devices: 2                       
Number of nets: 6                          |Number of nets: 6                          
---------------------------------------------------------------------------------------
Circuits match uniquely.
Netlists match uniquely.
Cells have no pins;  pin matching not needed.
Device classes error_amp.spice and error_amp_magic.spice are equivalent.
Circuits match uniquely.
