Flattening unmatched subcell k_res in circuit summing_amp_magic.spice (0)(4 instances)
Equate elements:  no current cell.
Equate elements:  no current cell.
Equate elements:  no current cell.
Equate elements:  no current cell.
Class opamp:  Merged 33 devices.
Class opamp:  Merged 33 devices.

Subcircuit summary:
Circuit 1: opamp                           |Circuit 2: opamp                           
-------------------------------------------|-------------------------------------------
sky130_fd_pr__nfet_01v8 (36)               |sky130_fd_pr__nfet_01v8 (36)               
sky130_fd_pr__pfet_01v8 (35)               |sky130_fd_pr__pfet_01v8 (35)               
sky130_fd_pr__cap_mim_m3_1 (1)             |sky130_fd_pr__cap_mim_m3_1 (1)             
Number of devices: 72                      |Number of devices: 72                      
Number of nets: 30                         |Number of nets: 30                         
---------------------------------------------------------------------------------------
Resolving automorphisms by property value.
Resolving automorphisms by pin name.
Netlists match uniquely.
Circuits match correctly.

Subcircuit pins:
Circuit 1: opamp                           |Circuit 2: opamp                           
-------------------------------------------|-------------------------------------------
vdd                                        |VDD                                        
gnd                                        |GND                                        
v2                                         |V2                                         
v1                                         |V1                                         
vout                                       |VOUT                                       
---------------------------------------------------------------------------------------
Cell pin lists are equivalent.
Device classes opamp and opamp are equivalent.

Subcircuit summary:
Circuit 1: summing_amp_magic.spice         |Circuit 2: summing_amp.spice               
-------------------------------------------|-------------------------------------------
sky130_fd_pr__res_xhigh_po (4)             |sky130_fd_pr__res_xhigh_po (4)             
opamp (1)                                  |opamp (1)                                  
Number of devices: 5                       |Number of devices: 5                       
Number of nets: 8                          |Number of nets: 8                          
---------------------------------------------------------------------------------------
Resolving automorphisms by property value.
Resolving automorphisms by pin name.
Netlists match uniquely.
Circuits match correctly.
Cells have no pins;  pin matching not needed.
Device classes summing_amp_magic.spice and summing_amp.spice are equivalent.
Circuits match uniquely.
