Flattening unmatched subcell k_res in circuit PI_control.spice (0)(6 instances)
Equate elements:  no current cell.
Equate elements:  no current cell.
Equate elements:  no current cell.
Class opamp:  Merged 33 devices.
Class opamp:  Merged 33 devices.

Subcircuit summary:
Circuit 1: opamp                           |Circuit 2: opamp                           
-------------------------------------------|-------------------------------------------
sky130_fd_pr__nfet_01v8 (36)               |sky130_fd_pr__nfet_01v8 (36)               
sky130_fd_pr__pfet_01v8 (35)               |sky130_fd_pr__pfet_01v8 (35)               
sky130_fd_pr__cap_mim_m3_1 (1)             |sky130_fd_pr__cap_mim_m3_1 (1)             
Number of devices: 72                      |Number of devices: 72                      
Number of nets: 30                         |Number of nets: 30                         
---------------------------------------------------------------------------------------
Resolving automorphisms by property value.
Resolving automorphisms by pin name.
Netlists match uniquely.
Circuits match correctly.

Subcircuit pins:
Circuit 1: opamp                           |Circuit 2: opamp                           
-------------------------------------------|-------------------------------------------
vdd                                        |VDD                                        
gnd                                        |GND                                        
v2                                         |V2                                         
v1                                         |V1                                         
vout                                       |VOUT                                       
---------------------------------------------------------------------------------------
Cell pin lists are equivalent.
Device classes opamp and opamp are equivalent.

Subcircuit summary:
Circuit 1: PI_control.spice                |Circuit 2: PI_controller.spice             
-------------------------------------------|-------------------------------------------
sky130_fd_pr__res_xhigh_po (6)             |(no matching element)                      
opamp (4)                                  |opamp (4)                                  
(no matching element)                      |sky130_fd_pr__res_xhigh_po_0p35 (6)        
Number of devices: 10                      |Number of devices: 10                      
Number of nets: 16 **Mismatch**            |Number of nets: 11 **Mismatch**            
---------------------------------------------------------------------------------------
NET mismatches: Class fragments follow (with fanout counts):
Circuit 1: PI_control.spice                |Circuit 2: PI_controller.spice             

---------------------------------------------------------------------------------------
Net: Verror                                |Net: Verror                                
  sky130_fd_pr__res_xhigh_po/(1|2) = 1     |  sky130_fd_pr__res_xhigh_po_0p35/(1|2) =  
  opamp/v1 = 1                             |  opamp/V1 = 1                             
                                           |                                           
Net: opamp_3/vdd                           |Net: Vint                                  
  opamp/vdd = 1                            |  sky130_fd_pr__res_xhigh_po_0p35/(1|2) =  
                                           |  opamp/VOUT = 1                           
                                           |                                           
Net: opamp_2/v2                            |Net: net1                                  
  sky130_fd_pr__res_xhigh_po/(1|2) = 1     |  sky130_fd_pr__res_xhigh_po_0p35/(1|2) =  
  opamp/v2 = 1                             |  opamp/V1 = 1                             
  opamp/vout = 1                           |                                           
                                           |                                           
Net: opamp_2/vdd                           |Net: net2                                  
  opamp/vdd = 1                            |  sky130_fd_pr__res_xhigh_po_0p35/(1|2) =  
                                           |  opamp/V2 = 1                             
                                           |  opamp/VOUT = 1                           
                                           |                                           
Net: Vref                                  |Net: Vref                                  
  sky130_fd_pr__res_xhigh_po/(1|2) = 1     |  sky130_fd_pr__res_xhigh_po_0p35/(1|2) =  
  opamp/v1 = 2                             |  opamp/V1 = 2                             
                                           |                                           
Net: Cap2                                  |Net: Cap2                                  
  sky130_fd_pr__res_xhigh_po/(1|2) = 1     |  sky130_fd_pr__res_xhigh_po_0p35/(1|2) =  
  opamp/v2 = 1                             |  opamp/VOUT = 1                           
                                           |                                           
Net: opamp_3/v1                            |Net: VDD                                   
  sky130_fd_pr__res_xhigh_po/(1|2) = 2     |  opamp/VDD = 4                            
  opamp/v1 = 1                             |                                           
                                           |                                           
Net: Cap1                                  |(no matching net)                          
  sky130_fd_pr__res_xhigh_po/(1|2) = 2     |                                           
  opamp/v2 = 1                             |                                           
---------------------------------------------------------------------------------------

---------------------------------------------------------------------------------------
Net: opamp_1/vdd                           |(no matching net)                          
  opamp/vdd = 1                            |                                           
                                           |                                           
Net: opamp_0/vdd                           |(no matching net)                          
  opamp/vdd = 1                            |                                           
---------------------------------------------------------------------------------------

---------------------------------------------------------------------------------------
(no matching net)                          |Net: net3                                  
                                           |  sky130_fd_pr__res_xhigh_po_0p35/(1|2) =  
                                           |  opamp/V2 = 1                             
                                           |                                           
(no matching net)                          |Net: Cap1                                  
                                           |  sky130_fd_pr__res_xhigh_po_0p35/(1|2) =  
                                           |  opamp/V2 = 1                             
---------------------------------------------------------------------------------------

---------------------------------------------------------------------------------------
Net: opamp_0/vout                          |(no matching net)                          
  sky130_fd_pr__res_xhigh_po/(1|2) = 1     |                                           
  opamp/vout = 1                           |                                           
                                           |                                           
Net: Vint                                  |(no matching net)                          
  sky130_fd_pr__res_xhigh_po/(1|2) = 1     |                                           
  opamp/vout = 1                           |                                           
---------------------------------------------------------------------------------------

---------------------------------------------------------------------------------------
Net: 50k_res_0/a_950_780#                  |(no matching net)                          
  sky130_fd_pr__res_xhigh_po/(1|2) = 1     |                                           
                                           |                                           
Net: 50k_res_1/a_1270_n10#                 |(no matching net)                          
  sky130_fd_pr__res_xhigh_po/(1|2) = 1     |                                           
---------------------------------------------------------------------------------------
DEVICE mismatches: Class fragments follow (with node fanout counts):
Circuit 1: PI_control.spice                |Circuit 2: PI_controller.spice             

---------------------------------------------------------------------------------------
Instance: k_res50k_res_1/sky130_fd_pr__res |Instance: sky130_fd_pr__res_xhigh_po_0p35R 
  (1,2) = (2,1)                            |  (1,2) = (3,2)                            
  3 = 10                                   |  3 = 10                                   
                                           |                                           
Instance: k_res50k_res_0/sky130_fd_pr__res |Instance: sky130_fd_pr__res_xhigh_po_0p35R 
  (1,2) = (3,1)                            |  (1,2) = (3,3)                            
  3 = 10                                   |  3 = 10                                   
                                           |                                           
Instance: k_res10k_res_0/sky130_fd_pr__res |Instance: sky130_fd_pr__res_xhigh_po_0p35R 
  (1,2) = (2,2)                            |  (1,2) = (3,3)                            
  3 = 10                                   |  3 = 10                                   
                                           |                                           
Instance: k_res10k_res_1/sky130_fd_pr__res |Instance: sky130_fd_pr__res_xhigh_po_0p35R 
  (1,2) = (3,2)                            |  (1,2) = (3,2)                            
  3 = 10                                   |  3 = 10                                   
                                           |                                           
Instance: k_res10k_res_2/sky130_fd_pr__res |(no matching instance)                     
  (1,2) = (3,3)                            |                                           
  3 = 10                                   |                                           
                                           |                                           
                                           |                                           
Instance: k_res10k_res_3/sky130_fd_pr__res |(no matching instance)                     
  (1,2) = (3,3)                            |                                           
  3 = 10                                   |                                           
                                           |                                           
---------------------------------------------------------------------------------------

---------------------------------------------------------------------------------------
(no matching instance)                     |Instance: sky130_fd_pr__res_xhigh_po_0p35R 
                                           |  (1,2) = (3,3)                            
                                           |  3 = 10                                   
                                           |                                           
                                           |                                           
(no matching instance)                     |Instance: sky130_fd_pr__res_xhigh_po_0p35R 
                                           |  (1,2) = (3,3)                            
                                           |  3 = 10                                   
                                           |                                           
---------------------------------------------------------------------------------------

---------------------------------------------------------------------------------------
(no matching instance)                     |Instance: opamp2                           
                                           |  V1 = 3                                   
                                           |  V2 = 3                                   
                                           |  VOUT = 2                                 
                                           |  VDD = 4                                  
                                           |  GND = 10                                 
                                           |                                           
(no matching instance)                     |Instance: opamp1                           
                                           |  V1 = 3                                   
                                           |  V2 = 3                                   
                                           |  VOUT = 3                                 
                                           |  VDD = 4                                  
                                           |  GND = 10                                 
---------------------------------------------------------------------------------------

---------------------------------------------------------------------------------------
Instance: opamp_1                          |(no matching instance)                     
  v1 = 3                                   |                                           
  v2 = 2                                   |                                           
  vout = 2                                 |                                           
  vdd = 1                                  |                                           
  gnd = 10                                 |                                           
                                           |                                           
Instance: opamp_0                          |(no matching instance)                     
  v1 = 3                                   |                                           
  v2 = 3                                   |                                           
  vout = 2                                 |                                           
  vdd = 1                                  |                                           
  gnd = 10                                 |                                           
---------------------------------------------------------------------------------------
Netlists do not match.
Netlists do not match.
